{"C:\\Users\\AIMS TECH\\Desktop\\twitter-like-application-2\\utils\\auth.js": {"path":"C:\\Users\\AIMS TECH\\Desktop\\twitter-like-application-2\\utils\\auth.js","statementMap":{"0":{"start":{"line":1,"column":15},"end":{"line":1,"column":32}},"1":{"start":{"line":3,"column":21},"end":{"line":11,"column":1}},"2":{"start":{"line":4,"column":2},"end":{"line":10,"column":3}},"3":{"start":{"line":5,"column":17},"end":{"line":5,"column":41}},"4":{"start":{"line":6,"column":17},"end":{"line":6,"column":50}},"5":{"start":{"line":7,"column":4},"end":{"line":7,"column":16}},"6":{"start":{"line":9,"column":4},"end":{"line":9,"column":46}},"7":{"start":{"line":13,"column":24},"end":{"line":19,"column":1}},"8":{"start":{"line":14,"column":2},"end":{"line":18,"column":3}},"9":{"start":{"line":15,"column":4},"end":{"line":15,"column":48}},"10":{"start":{"line":17,"column":4},"end":{"line":17,"column":48}},"11":{"start":{"line":21,"column":0},"end":{"line":21,"column":51}}},"fnMap":{"0":{"name":"(anonymous_0)","decl":{"start":{"line":3,"column":21},"end":{"line":3,"column":22}},"loc":{"start":{"line":3,"column":41},"end":{"line":11,"column":1}},"line":3},"1":{"name":"(anonymous_1)","decl":{"start":{"line":13,"column":24},"end":{"line":13,"column":25}},"loc":{"start":{"line":13,"column":50},"end":{"line":19,"column":1}},"line":13}},"branchMap":{},"s":{"0":1,"1":1,"2":4,"3":4,"4":4,"5":4,"6":0,"7":1,"8":2,"9":2,"10":0,"11":1},"f":{"0":4,"1":2},"b":{},"_coverageSchema":"1a1c01bbd47fc00a2c39e90264f33305004495a9","hash":"90d29eacae8eee3336e8d31dacbac78438560b6a"}
,"C:\\Users\\AIMS TECH\\Desktop\\twitter-like-application-2\\utils\\validation.js": {"path":"C:\\Users\\AIMS TECH\\Desktop\\twitter-like-application-2\\utils\\validation.js","statementMap":{"0":{"start":{"line":1,"column":25},"end":{"line":16,"column":1}},"1":{"start":{"line":2,"column":2},"end":{"line":4,"column":3}},"2":{"start":{"line":3,"column":4},"end":{"line":3,"column":67}},"3":{"start":{"line":6,"column":2},"end":{"line":8,"column":3}},"4":{"start":{"line":7,"column":4},"end":{"line":7,"column":72}},"5":{"start":{"line":10,"column":25},"end":{"line":10,"column":56}},"6":{"start":{"line":11,"column":2},"end":{"line":13,"column":3}},"7":{"start":{"line":12,"column":4},"end":{"line":12,"column":70}},"8":{"start":{"line":15,"column":2},"end":{"line":15,"column":14}},"9":{"start":{"line":18,"column":25},"end":{"line":35,"column":1}},"10":{"start":{"line":19,"column":2},"end":{"line":21,"column":3}},"11":{"start":{"line":20,"column":4},"end":{"line":20,"column":67}},"12":{"start":{"line":23,"column":23},"end":{"line":23,"column":45}},"13":{"start":{"line":24,"column":23},"end":{"line":24,"column":45}},"14":{"start":{"line":25,"column":2},"end":{"line":27,"column":3}},"15":{"start":{"line":26,"column":4},"end":{"line":26,"column":82}},"16":{"start":{"line":29,"column":33},"end":{"line":29,"column":75}},"17":{"start":{"line":30,"column":2},"end":{"line":32,"column":3}},"18":{"start":{"line":31,"column":4},"end":{"line":31,"column":86}},"19":{"start":{"line":34,"column":2},"end":{"line":34,"column":14}},"20":{"start":{"line":37,"column":0},"end":{"line":37,"column":56}}},"fnMap":{"0":{"name":"(anonymous_0)","decl":{"start":{"line":1,"column":25},"end":{"line":1,"column":26}},"loc":{"start":{"line":1,"column":39},"end":{"line":16,"column":1}},"line":1},"1":{"name":"(anonymous_1)","decl":{"start":{"line":18,"column":25},"end":{"line":18,"column":26}},"loc":{"start":{"line":18,"column":39},"end":{"line":35,"column":1}},"line":18}},"branchMap":{"0":{"loc":{"start":{"line":2,"column":2},"end":{"line":4,"column":3}},"type":"if","locations":[{"start":{"line":2,"column":2},"end":{"line":4,"column":3}},{"start":{},"end":{}}],"line":2},"1":{"loc":{"start":{"line":2,"column":6},"end":{"line":2,"column":57}},"type":"binary-expr","locations":[{"start":{"line":2,"column":6},"end":{"line":2,"column":34}},{"start":{"line":2,"column":38},"end":{"line":2,"column":57}}],"line":2},"2":{"loc":{"start":{"line":6,"column":2},"end":{"line":8,"column":3}},"type":"if","locations":[{"start":{"line":6,"column":2},"end":{"line":8,"column":3}},{"start":{},"end":{}}],"line":6},"3":{"loc":{"start":{"line":11,"column":2},"end":{"line":13,"column":3}},"type":"if","locations":[{"start":{"line":11,"column":2},"end":{"line":13,"column":3}},{"start":{},"end":{}}],"line":11},"4":{"loc":{"start":{"line":19,"column":2},"end":{"line":21,"column":3}},"type":"if","locations":[{"start":{"line":19,"column":2},"end":{"line":21,"column":3}},{"start":{},"end":{}}],"line":19},"5":{"loc":{"start":{"line":19,"column":6},"end":{"line":19,"column":57}},"type":"binary-expr","locations":[{"start":{"line":19,"column":6},"end":{"line":19,"column":34}},{"start":{"line":19,"column":38},"end":{"line":19,"column":57}}],"line":19},"6":{"loc":{"start":{"line":25,"column":2},"end":{"line":27,"column":3}},"type":"if","locations":[{"start":{"line":25,"column":2},"end":{"line":27,"column":3}},{"start":{},"end":{}}],"line":25},"7":{"loc":{"start":{"line":25,"column":6},"end":{"line":25,"column":36}},"type":"binary-expr","locations":[{"start":{"line":25,"column":6},"end":{"line":25,"column":19}},{"start":{"line":25,"column":23},"end":{"line":25,"column":36}}],"line":25},"8":{"loc":{"start":{"line":30,"column":2},"end":{"line":32,"column":3}},"type":"if","locations":[{"start":{"line":30,"column":2},"end":{"line":32,"column":3}},{"start":{},"end":{}}],"line":30}},"s":{"0":1,"1":5,"2":1,"3":4,"4":1,"5":3,"6":3,"7":2,"8":1,"9":1,"10":5,"11":1,"12":4,"13":4,"14":4,"15":2,"16":2,"17":2,"18":1,"19":1,"20":1},"f":{"0":5,"1":5},"b":{"0":[1,4],"1":[5,5],"2":[1,3],"3":[2,1],"4":[1,4],"5":[5,5],"6":[2,2],"7":[4,3],"8":[1,1]},"_coverageSchema":"1a1c01bbd47fc00a2c39e90264f33305004495a9","hash":"a1801405f637583067fa311ae3163039c185265c"}
}
