TN:
SF:utils\auth.js
FN:3,(anonymous_0)
FN:13,(anonymous_1)
FNF:2
FNH:2
FNDA:4,(anonymous_0)
FNDA:2,(anonymous_1)
DA:1,1
DA:3,1
DA:4,4
DA:5,4
DA:6,4
DA:7,4
DA:9,0
DA:13,1
DA:14,2
DA:15,2
DA:17,0
DA:21,1
LF:12
LH:10
BRF:0
BRH:0
end_of_record
TN:
SF:utils\validation.js
FN:1,(anonymous_0)
FN:18,(anonymous_1)
FNF:2
FNH:2
FNDA:5,(anonymous_0)
FNDA:5,(anonymous_1)
DA:1,1
DA:2,5
DA:3,1
DA:6,4
DA:7,1
DA:10,3
DA:11,3
DA:12,2
DA:15,1
DA:18,1
DA:19,5
DA:20,1
DA:23,4
DA:24,4
DA:25,4
DA:26,2
DA:29,2
DA:30,2
DA:31,1
DA:34,1
DA:37,1
LF:21
LH:21
BRDA:2,0,0,1
BRDA:2,0,1,4
BRDA:2,1,0,5
BRDA:2,1,1,5
BRDA:6,2,0,1
BRDA:6,2,1,3
BRDA:11,3,0,2
BRDA:11,3,1,1
BRDA:19,4,0,1
BRDA:19,4,1,4
BRDA:19,5,0,5
BRDA:19,5,1,5
BRDA:25,6,0,2
BRDA:25,6,1,2
BRDA:25,7,0,4
BRDA:25,7,1,3
BRDA:30,8,0,1
BRDA:30,8,1,1
BRF:18
BRH:18
end_of_record
